<?xml version="1.0" encoding="UTF-8"?>
<!-- Generated by org.testng.reporters.JUnitXMLReporter -->
<testsuite ignored="0" hostname="LE15-GNK1-IND" failures="0" tests="6" name="Surefire test" time="0.041" errors="0" timestamp="2022-02-08T20:38:24 IST">
  <testcase classname="gayatriproject.Mavenjava.AppiumTest" name="IOSApps on IOSApps(gayatriproject.Mavenjava.AppiumTest)" time="0.005"/>
  <testcase classname="gayatriproject.Mavenjava.AppiumTest" name="NativeAppAndroid on NativeAppAndroid(gayatriproject.Mavenjava.AppiumTest)" time="0.005"/>
  <testcase classname="gayatriproject.Mavenjava.RESTApiTest" name="deleteTwitter on deleteTwitter(gayatriproject.Mavenjava.RESTApiTest)" time="0.0"/>
  <testcase classname="gayatriproject.Mavenjava.RESTApiTest" name="postJira on postJira(gayatriproject.Mavenjava.RESTApiTest)" time="0.0"/>
  <testcase classname="gayatriproject.Mavenjava.SeleniumTest" name="elementsUI on elementsUI(gayatriproject.Mavenjava.SeleniumTest)" time="0.001"/>
  <testcase classname="gayatriproject.Mavenjava.SeleniumTest" name="BrowserAutomation on BrowserAutomation(gayatriproject.Mavenjava.SeleniumTest)" time="0.001"/>
</testsuite> <!-- Surefire test -->
