<?xml version="1.0" encoding="UTF-8"?>
<testng-results ignored="0" total="6" passed="6" failed="0" skipped="0">
  <reporter-output>
  </reporter-output>
  <suite started-at="2022-02-08T20:38:24 IST" name="Surefire suite" finished-at="2022-02-08T20:38:24 IST" duration-ms="41">
    <groups>
    </groups>
    <test started-at="2022-02-08T20:38:24 IST" name="Surefire test" finished-at="2022-02-08T20:38:24 IST" duration-ms="41">
      <class name="gayatriproject.Mavenjava.SeleniumTest">
        <test-method signature="BrowserAutomation()" started-at="2022-02-08T20:38:24 IST" name="BrowserAutomation" finished-at="2022-02-08T20:38:24 IST" duration-ms="1" status="PASS">
          <reporter-output>
          </reporter-output>
        </test-method> <!-- BrowserAutomation -->
        <test-method signature="elementsUI()" started-at="2022-02-08T20:38:24 IST" name="elementsUI" finished-at="2022-02-08T20:38:24 IST" duration-ms="1" status="PASS">
          <reporter-output>
          </reporter-output>
        </test-method> <!-- elementsUI -->
      </class> <!-- gayatriproject.Mavenjava.SeleniumTest -->
      <class name="gayatriproject.Mavenjava.RESTApiTest">
        <test-method signature="postJira()" started-at="2022-02-08T20:38:24 IST" name="postJira" finished-at="2022-02-08T20:38:24 IST" duration-ms="0" status="PASS">
          <reporter-output>
          </reporter-output>
        </test-method> <!-- postJira -->
        <test-method signature="deleteTwitter()" started-at="2022-02-08T20:38:24 IST" name="deleteTwitter" finished-at="2022-02-08T20:38:24 IST" duration-ms="0" status="PASS">
          <reporter-output>
          </reporter-output>
        </test-method> <!-- deleteTwitter -->
      </class> <!-- gayatriproject.Mavenjava.RESTApiTest -->
      <class name="gayatriproject.Mavenjava.AppiumTest">
        <test-method signature="IOSApps()" started-at="2022-02-08T20:38:24 IST" name="IOSApps" finished-at="2022-02-08T20:38:24 IST" duration-ms="5" status="PASS">
          <reporter-output>
          </reporter-output>
        </test-method> <!-- IOSApps -->
        <test-method signature="NativeAppAndroid()" started-at="2022-02-08T20:38:24 IST" name="NativeAppAndroid" finished-at="2022-02-08T20:38:24 IST" duration-ms="5" status="PASS">
          <reporter-output>
          </reporter-output>
        </test-method> <!-- NativeAppAndroid -->
      </class> <!-- gayatriproject.Mavenjava.AppiumTest -->
    </test> <!-- Surefire test -->
  </suite> <!-- Surefire suite -->
</testng-results>
